time=2024-11-07T08:19:03.751+01:00 level=DEBUG source=/Users/thomas/coding/go/gomail/app/utils.go:11 msg="received message" msg_type=tea.WindowSizeMsg msg="{Width:170 Height:30}"
time=2024-11-07T08:19:03.752+01:00 level=DEBUG source=/Users/thomas/coding/go/gomail/app/utils.go:11 msg="received message" msg_type=tea.WindowSizeMsg msg="{Width:170 Height:30}"
time=2024-11-07T08:19:06.731+01:00 level=DEBUG source=/Users/thomas/coding/go/gomail/app/utils.go:11 msg="received message" msg_type=tea.KeyMsg msg=k
time=2024-11-07T08:19:07.233+01:00 level=DEBUG source=/Users/thomas/coding/go/gomail/app/utils.go:11 msg="received message" msg_type=tea.KeyMsg msg=k
time=2024-11-07T08:19:11.910+01:00 level=DEBUG source=/Users/thomas/coding/go/gomail/app/utils.go:11 msg="received message" msg_type=tea.KeyMsg msg=j
time=2024-11-07T08:19:12.310+01:00 level=DEBUG source=/Users/thomas/coding/go/gomail/app/utils.go:11 msg="received message" msg_type=tea.KeyMsg msg=j
time=2024-11-07T08:19:12.484+01:00 level=DEBUG source=/Users/thomas/coding/go/gomail/app/utils.go:11 msg="received message" msg_type=tea.KeyMsg msg=j
time=2024-11-07T08:19:13.363+01:00 level=DEBUG source=/Users/thomas/coding/go/gomail/app/utils.go:11 msg="received message" msg_type=tea.KeyMsg msg=k
time=2024-11-07T08:19:13.515+01:00 level=DEBUG source=/Users/thomas/coding/go/gomail/app/utils.go:11 msg="received message" msg_type=tea.KeyMsg msg=k
time=2024-11-07T08:19:13.681+01:00 level=DEBUG source=/Users/thomas/coding/go/gomail/app/utils.go:11 msg="received message" msg_type=tea.KeyMsg msg=j
time=2024-11-07T08:19:13.863+01:00 level=DEBUG source=/Users/thomas/coding/go/gomail/app/utils.go:11 msg="received message" msg_type=tea.KeyMsg msg=j
time=2024-11-07T08:19:14.074+01:00 level=DEBUG source=/Users/thomas/coding/go/gomail/app/utils.go:11 msg="received message" msg_type=tea.KeyMsg msg=j
time=2024-11-07T08:19:16.387+01:00 level=DEBUG source=/Users/thomas/coding/go/gomail/app/utils.go:11 msg="received message" msg_type=tea.KeyMsg msg=/
time=2024-11-07T08:19:16.387+01:00 level=DEBUG source=/Users/thomas/coding/go/gomail/app/utils.go:11 msg="received message" msg_type=cursor.initialBlinkMsg msg={}
time=2024-11-07T08:19:16.567+01:00 level=DEBUG source=/Users/thomas/coding/go/gomail/app/utils.go:11 msg="received message" msg_type=tea.KeyMsg msg=m
time=2024-11-07T08:19:16.569+01:00 level=DEBUG source=/Users/thomas/coding/go/gomail/app/utils.go:11 msg="received message" msg_type=cursor.blinkCanceled msg={}
time=2024-11-07T08:19:16.570+01:00 level=DEBUG source=/Users/thomas/coding/go/gomail/app/utils.go:11 msg="received message" msg_type=list.FilterMatchesMsg msg="[{index:0 item:{ID:1 HistoryId:1001 Received:{wall:0 ext:63833839200 loc:<nil>} Sender:john@example.com Recipient:jane@example.com Subject:Meeting Reminder Msg:Hi Jane, just a reminder about our meeting tomorrow at 10 AM.} matches:[17]} {index:1 item:{ID:2 HistoryId:1002 Received:{wall:0 ext:63833736600 loc:<nil>} Sender:jane@example.com Recipient:john@example.com Subject:Re: Meeting Reminder Msg:Thanks for the reminder, John. I'll be there.} matches:[21]} {index:2 item:{ID:3 HistoryId:1003 Received:{wall:0 ext:63833674500 loc:<nil>} Sender:boss.company@example.com Recipient:john@example.com Subject:Project Update Msg:Please send me the project update by EOD.} matches:[7]} {index:3 item:{ID:4 HistoryId:1004 Received:{wall:0 ext:63833569200 loc:<nil>} Sender:jane@example.com Recipient:boss@example.com Subject:Project Update Response Msg:I've attached the latest project updates as requested.} matches:[8]}]"
time=2024-11-07T08:19:16.638+01:00 level=DEBUG source=/Users/thomas/coding/go/gomail/app/utils.go:11 msg="received message" msg_type=tea.KeyMsg msg=e
time=2024-11-07T08:19:16.639+01:00 level=DEBUG source=/Users/thomas/coding/go/gomail/app/utils.go:11 msg="received message" msg_type=cursor.blinkCanceled msg={}
time=2024-11-07T08:19:16.640+01:00 level=DEBUG source=/Users/thomas/coding/go/gomail/app/utils.go:11 msg="received message" msg_type=list.FilterMatchesMsg msg="[{index:0 item:{ID:1 HistoryId:1001 Received:{wall:0 ext:63833839200 loc:<nil>} Sender:john@example.com Recipient:jane@example.com Subject:Meeting Reminder Msg:Hi Jane, just a reminder about our meeting tomorrow at 10 AM.} matches:[8 11]} {index:1 item:{ID:2 HistoryId:1002 Received:{wall:0 ext:63833736600 loc:<nil>} Sender:jane@example.com Recipient:john@example.com Subject:Re: Meeting Reminder Msg:Thanks for the reminder, John. I'll be there.} matches:[8 11]} {index:2 item:{ID:3 HistoryId:1003 Received:{wall:0 ext:63833674500 loc:<nil>} Sender:boss.company@example.com Recipient:john@example.com Subject:Project Update Msg:Please send me the project update by EOD.} matches:[7 13]} {index:3 item:{ID:4 HistoryId:1004 Received:{wall:0 ext:63833569200 loc:<nil>} Sender:jane@example.com Recipient:boss@example.com Subject:Project Update Response Msg:I've attached the latest project updates as requested.} matches:[8 11]}]"
time=2024-11-07T08:19:16.831+01:00 level=DEBUG source=/Users/thomas/coding/go/gomail/app/utils.go:11 msg="received message" msg_type=tea.KeyMsg msg=e
time=2024-11-07T08:19:16.832+01:00 level=DEBUG source=/Users/thomas/coding/go/gomail/app/utils.go:11 msg="received message" msg_type=cursor.blinkCanceled msg={}
time=2024-11-07T08:19:16.833+01:00 level=DEBUG source=/Users/thomas/coding/go/gomail/app/utils.go:11 msg="received message" msg_type=list.FilterMatchesMsg msg="[{index:0 item:{ID:1 HistoryId:1001 Received:{wall:0 ext:63833839200 loc:<nil>} Sender:john@example.com Recipient:jane@example.com Subject:Meeting Reminder Msg:Hi Jane, just a reminder about our meeting tomorrow at 10 AM.} matches:[8 11 18]} {index:1 item:{ID:2 HistoryId:1002 Received:{wall:0 ext:63833736600 loc:<nil>} Sender:jane@example.com Recipient:john@example.com Subject:Re: Meeting Reminder Msg:Thanks for the reminder, John. I'll be there.} matches:[8 11 18]} {index:2 item:{ID:3 HistoryId:1003 Received:{wall:0 ext:63833674500 loc:<nil>} Sender:boss.company@example.com Recipient:john@example.com Subject:Project Update Msg:Please send me the project update by EOD.} matches:[7 13 19]} {index:3 item:{ID:4 HistoryId:1004 Received:{wall:0 ext:63833569200 loc:<nil>} Sender:jane@example.com Recipient:boss@example.com Subject:Project Update Response Msg:I've attached the latest project updates as requested.} matches:[8 11 21]}]"
time=2024-11-07T08:19:17.072+01:00 level=DEBUG source=/Users/thomas/coding/go/gomail/app/utils.go:11 msg="received message" msg_type=tea.KeyMsg msg=t
time=2024-11-07T08:19:17.075+01:00 level=DEBUG source=/Users/thomas/coding/go/gomail/app/utils.go:11 msg="received message" msg_type=cursor.blinkCanceled msg={}
time=2024-11-07T08:19:17.077+01:00 level=DEBUG source=/Users/thomas/coding/go/gomail/app/utils.go:11 msg="received message" msg_type=list.FilterMatchesMsg msg="[{index:0 item:{ID:1 HistoryId:1001 Received:{wall:0 ext:63833839200 loc:<nil>} Sender:john@example.com Recipient:jane@example.com Subject:Meeting Reminder Msg:Hi Jane, just a reminder about our meeting tomorrow at 10 AM.} matches:[8 11 18 20]} {index:1 item:{ID:2 HistoryId:1002 Received:{wall:0 ext:63833736600 loc:<nil>} Sender:jane@example.com Recipient:john@example.com Subject:Re: Meeting Reminder Msg:Thanks for the reminder, John. I'll be there.} matches:[8 11 18 24]} {index:2 item:{ID:3 HistoryId:1003 Received:{wall:0 ext:63833674500 loc:<nil>} Sender:boss.company@example.com Recipient:john@example.com Subject:Project Update Msg:Please send me the project update by EOD.} matches:[7 13 19 31]} {index:3 item:{ID:4 HistoryId:1004 Received:{wall:0 ext:63833569200 loc:<nil>} Sender:jane@example.com Recipient:boss@example.com Subject:Project Update Response Msg:I've attached the latest project updates as requested.} matches:[8 11 21 23]}]"
time=2024-11-07T08:19:17.456+01:00 level=DEBUG source=/Users/thomas/coding/go/gomail/app/utils.go:11 msg="received message" msg_type=tea.KeyMsg msg=i
time=2024-11-07T08:19:17.457+01:00 level=DEBUG source=/Users/thomas/coding/go/gomail/app/utils.go:11 msg="received message" msg_type=cursor.blinkCanceled msg={}
time=2024-11-07T08:19:17.457+01:00 level=DEBUG source=/Users/thomas/coding/go/gomail/app/utils.go:11 msg="received message" msg_type=list.FilterMatchesMsg msg="[{index:0 item:{ID:1 HistoryId:1001 Received:{wall:0 ext:63833839200 loc:<nil>} Sender:john@example.com Recipient:jane@example.com Subject:Meeting Reminder Msg:Hi Jane, just a reminder about our meeting tomorrow at 10 AM.} matches:[8 11 18 20 21]} {index:1 item:{ID:2 HistoryId:1002 Received:{wall:0 ext:63833736600 loc:<nil>} Sender:jane@example.com Recipient:john@example.com Subject:Re: Meeting Reminder Msg:Thanks for the reminder, John. I'll be there.} matches:[8 11 18 24 25]}]"
time=2024-11-07T08:19:17.577+01:00 level=DEBUG source=/Users/thomas/coding/go/gomail/app/utils.go:11 msg="received message" msg_type=tea.KeyMsg msg=n
time=2024-11-07T08:19:17.578+01:00 level=DEBUG source=/Users/thomas/coding/go/gomail/app/utils.go:11 msg="received message" msg_type=cursor.blinkCanceled msg={}
time=2024-11-07T08:19:17.590+01:00 level=DEBUG source=/Users/thomas/coding/go/gomail/app/utils.go:11 msg="received message" msg_type=list.FilterMatchesMsg msg="[{index:0 item:{ID:1 HistoryId:1001 Received:{wall:0 ext:63833839200 loc:<nil>} Sender:john@example.com Recipient:jane@example.com Subject:Meeting Reminder Msg:Hi Jane, just a reminder about our meeting tomorrow at 10 AM.} matches:[8 11 18 20 21 22]} {index:1 item:{ID:2 HistoryId:1002 Received:{wall:0 ext:63833736600 loc:<nil>} Sender:jane@example.com Recipient:john@example.com Subject:Re: Meeting Reminder Msg:Thanks for the reminder, John. I'll be there.} matches:[8 11 18 24 25 26]}]"
time=2024-11-07T08:19:17.675+01:00 level=DEBUG source=/Users/thomas/coding/go/gomail/app/utils.go:11 msg="received message" msg_type=tea.KeyMsg msg=g
time=2024-11-07T08:19:17.676+01:00 level=DEBUG source=/Users/thomas/coding/go/gomail/app/utils.go:11 msg="received message" msg_type=cursor.blinkCanceled msg={}
time=2024-11-07T08:19:17.677+01:00 level=DEBUG source=/Users/thomas/coding/go/gomail/app/utils.go:11 msg="received message" msg_type=list.FilterMatchesMsg msg="[{index:0 item:{ID:1 HistoryId:1001 Received:{wall:0 ext:63833839200 loc:<nil>} Sender:john@example.com Recipient:jane@example.com Subject:Meeting Reminder Msg:Hi Jane, just a reminder about our meeting tomorrow at 10 AM.} matches:[8 11 18 20 21 22 23]} {index:1 item:{ID:2 HistoryId:1002 Received:{wall:0 ext:63833736600 loc:<nil>} Sender:jane@example.com Recipient:john@example.com Subject:Re: Meeting Reminder Msg:Thanks for the reminder, John. I'll be there.} matches:[8 11 18 24 25 26 27]}]"
time=2024-11-07T08:19:18.206+01:00 level=DEBUG source=/Users/thomas/coding/go/gomail/app/utils.go:11 msg="received message" msg_type=cursor.BlinkMsg msg="{id:0 tag:10}"
time=2024-11-07T08:19:18.737+01:00 level=DEBUG source=/Users/thomas/coding/go/gomail/app/utils.go:11 msg="received message" msg_type=cursor.BlinkMsg msg="{id:0 tag:11}"
time=2024-11-07T08:19:19.268+01:00 level=DEBUG source=/Users/thomas/coding/go/gomail/app/utils.go:11 msg="received message" msg_type=cursor.BlinkMsg msg="{id:0 tag:12}"
time=2024-11-07T08:19:19.800+01:00 level=DEBUG source=/Users/thomas/coding/go/gomail/app/utils.go:11 msg="received message" msg_type=cursor.BlinkMsg msg="{id:0 tag:13}"
time=2024-11-07T08:19:19.923+01:00 level=DEBUG source=/Users/thomas/coding/go/gomail/app/utils.go:11 msg="received message" msg_type=tea.KeyMsg msg=backspace
time=2024-11-07T08:19:19.926+01:00 level=DEBUG source=/Users/thomas/coding/go/gomail/app/utils.go:11 msg="received message" msg_type=list.FilterMatchesMsg msg="[{index:0 item:{ID:1 HistoryId:1001 Received:{wall:0 ext:63833839200 loc:<nil>} Sender:john@example.com Recipient:jane@example.com Subject:Meeting Reminder Msg:Hi Jane, just a reminder about our meeting tomorrow at 10 AM.} matches:[8 11 18 20 21 22]} {index:1 item:{ID:2 HistoryId:1002 Received:{wall:0 ext:63833736600 loc:<nil>} Sender:jane@example.com Recipient:john@example.com Subject:Re: Meeting Reminder Msg:Thanks for the reminder, John. I'll be there.} matches:[8 11 18 24 25 26]}]"
time=2024-11-07T08:19:19.930+01:00 level=DEBUG source=/Users/thomas/coding/go/gomail/app/utils.go:11 msg="received message" msg_type=cursor.blinkCanceled msg={}
time=2024-11-07T08:19:20.157+01:00 level=DEBUG source=/Users/thomas/coding/go/gomail/app/utils.go:11 msg="received message" msg_type=tea.KeyMsg msg=backspace
time=2024-11-07T08:19:20.158+01:00 level=DEBUG source=/Users/thomas/coding/go/gomail/app/utils.go:11 msg="received message" msg_type=cursor.blinkCanceled msg={}
time=2024-11-07T08:19:20.159+01:00 level=DEBUG source=/Users/thomas/coding/go/gomail/app/utils.go:11 msg="received message" msg_type=list.FilterMatchesMsg msg="[{index:0 item:{ID:1 HistoryId:1001 Received:{wall:0 ext:63833839200 loc:<nil>} Sender:john@example.com Recipient:jane@example.com Subject:Meeting Reminder Msg:Hi Jane, just a reminder about our meeting tomorrow at 10 AM.} matches:[8 11 18 20 21]} {index:1 item:{ID:2 HistoryId:1002 Received:{wall:0 ext:63833736600 loc:<nil>} Sender:jane@example.com Recipient:john@example.com Subject:Re: Meeting Reminder Msg:Thanks for the reminder, John. I'll be there.} matches:[8 11 18 24 25]}]"
time=2024-11-07T08:19:20.346+01:00 level=DEBUG source=/Users/thomas/coding/go/gomail/app/utils.go:11 msg="received message" msg_type=tea.KeyMsg msg=backspace
time=2024-11-07T08:19:20.347+01:00 level=DEBUG source=/Users/thomas/coding/go/gomail/app/utils.go:11 msg="received message" msg_type=cursor.blinkCanceled msg={}
time=2024-11-07T08:19:20.348+01:00 level=DEBUG source=/Users/thomas/coding/go/gomail/app/utils.go:11 msg="received message" msg_type=list.FilterMatchesMsg msg="[{index:0 item:{ID:1 HistoryId:1001 Received:{wall:0 ext:63833839200 loc:<nil>} Sender:john@example.com Recipient:jane@example.com Subject:Meeting Reminder Msg:Hi Jane, just a reminder about our meeting tomorrow at 10 AM.} matches:[8 11 18 20]} {index:1 item:{ID:2 HistoryId:1002 Received:{wall:0 ext:63833736600 loc:<nil>} Sender:jane@example.com Recipient:john@example.com Subject:Re: Meeting Reminder Msg:Thanks for the reminder, John. I'll be there.} matches:[8 11 18 24]} {index:2 item:{ID:3 HistoryId:1003 Received:{wall:0 ext:63833674500 loc:<nil>} Sender:boss.company@example.com Recipient:john@example.com Subject:Project Update Msg:Please send me the project update by EOD.} matches:[7 13 19 31]} {index:3 item:{ID:4 HistoryId:1004 Received:{wall:0 ext:63833569200 loc:<nil>} Sender:jane@example.com Recipient:boss@example.com Subject:Project Update Response Msg:I've attached the latest project updates as requested.} matches:[8 11 21 23]}]"
time=2024-11-07T08:19:20.560+01:00 level=DEBUG source=/Users/thomas/coding/go/gomail/app/utils.go:11 msg="received message" msg_type=tea.KeyMsg msg=backspace
time=2024-11-07T08:19:20.561+01:00 level=DEBUG source=/Users/thomas/coding/go/gomail/app/utils.go:11 msg="received message" msg_type=cursor.blinkCanceled msg={}
time=2024-11-07T08:19:20.562+01:00 level=DEBUG source=/Users/thomas/coding/go/gomail/app/utils.go:11 msg="received message" msg_type=list.FilterMatchesMsg msg="[{index:0 item:{ID:1 HistoryId:1001 Received:{wall:0 ext:63833839200 loc:<nil>} Sender:john@example.com Recipient:jane@example.com Subject:Meeting Reminder Msg:Hi Jane, just a reminder about our meeting tomorrow at 10 AM.} matches:[8 11 18]} {index:1 item:{ID:2 HistoryId:1002 Received:{wall:0 ext:63833736600 loc:<nil>} Sender:jane@example.com Recipient:john@example.com Subject:Re: Meeting Reminder Msg:Thanks for the reminder, John. I'll be there.} matches:[8 11 18]} {index:2 item:{ID:3 HistoryId:1003 Received:{wall:0 ext:63833674500 loc:<nil>} Sender:boss.company@example.com Recipient:john@example.com Subject:Project Update Msg:Please send me the project update by EOD.} matches:[7 13 19]} {index:3 item:{ID:4 HistoryId:1004 Received:{wall:0 ext:63833569200 loc:<nil>} Sender:jane@example.com Recipient:boss@example.com Subject:Project Update Response Msg:I've attached the latest project updates as requested.} matches:[8 11 21]}]"
time=2024-11-07T08:19:20.747+01:00 level=DEBUG source=/Users/thomas/coding/go/gomail/app/utils.go:11 msg="received message" msg_type=tea.KeyMsg msg=backspace
time=2024-11-07T08:19:20.750+01:00 level=DEBUG source=/Users/thomas/coding/go/gomail/app/utils.go:11 msg="received message" msg_type=cursor.blinkCanceled msg={}
time=2024-11-07T08:19:20.752+01:00 level=DEBUG source=/Users/thomas/coding/go/gomail/app/utils.go:11 msg="received message" msg_type=list.FilterMatchesMsg msg="[{index:0 item:{ID:1 HistoryId:1001 Received:{wall:0 ext:63833839200 loc:<nil>} Sender:john@example.com Recipient:jane@example.com Subject:Meeting Reminder Msg:Hi Jane, just a reminder about our meeting tomorrow at 10 AM.} matches:[8 11]} {index:1 item:{ID:2 HistoryId:1002 Received:{wall:0 ext:63833736600 loc:<nil>} Sender:jane@example.com Recipient:john@example.com Subject:Re: Meeting Reminder Msg:Thanks for the reminder, John. I'll be there.} matches:[8 11]} {index:2 item:{ID:3 HistoryId:1003 Received:{wall:0 ext:63833674500 loc:<nil>} Sender:boss.company@example.com Recipient:john@example.com Subject:Project Update Msg:Please send me the project update by EOD.} matches:[7 13]} {index:3 item:{ID:4 HistoryId:1004 Received:{wall:0 ext:63833569200 loc:<nil>} Sender:jane@example.com Recipient:boss@example.com Subject:Project Update Response Msg:I've attached the latest project updates as requested.} matches:[8 11]}]"
time=2024-11-07T08:19:20.915+01:00 level=DEBUG source=/Users/thomas/coding/go/gomail/app/utils.go:11 msg="received message" msg_type=tea.KeyMsg msg=backspace
time=2024-11-07T08:19:20.916+01:00 level=DEBUG source=/Users/thomas/coding/go/gomail/app/utils.go:11 msg="received message" msg_type=cursor.blinkCanceled msg={}
time=2024-11-07T08:19:20.916+01:00 level=DEBUG source=/Users/thomas/coding/go/gomail/app/utils.go:11 msg="received message" msg_type=list.FilterMatchesMsg msg="[{index:0 item:{ID:1 HistoryId:1001 Received:{wall:0 ext:63833839200 loc:<nil>} Sender:john@example.com Recipient:jane@example.com Subject:Meeting Reminder Msg:Hi Jane, just a reminder about our meeting tomorrow at 10 AM.} matches:[17]} {index:1 item:{ID:2 HistoryId:1002 Received:{wall:0 ext:63833736600 loc:<nil>} Sender:jane@example.com Recipient:john@example.com Subject:Re: Meeting Reminder Msg:Thanks for the reminder, John. I'll be there.} matches:[21]} {index:2 item:{ID:3 HistoryId:1003 Received:{wall:0 ext:63833674500 loc:<nil>} Sender:boss.company@example.com Recipient:john@example.com Subject:Project Update Msg:Please send me the project update by EOD.} matches:[7]} {index:3 item:{ID:4 HistoryId:1004 Received:{wall:0 ext:63833569200 loc:<nil>} Sender:jane@example.com Recipient:boss@example.com Subject:Project Update Response Msg:I've attached the latest project updates as requested.} matches:[8]}]"
time=2024-11-07T08:19:21.106+01:00 level=DEBUG source=/Users/thomas/coding/go/gomail/app/utils.go:11 msg="received message" msg_type=tea.KeyMsg msg=backspace
time=2024-11-07T08:19:21.107+01:00 level=DEBUG source=/Users/thomas/coding/go/gomail/app/utils.go:11 msg="received message" msg_type=cursor.blinkCanceled msg={}
time=2024-11-07T08:19:21.108+01:00 level=DEBUG source=/Users/thomas/coding/go/gomail/app/utils.go:11 msg="received message" msg_type=list.FilterMatchesMsg msg="[{index:0 item:{ID:1 HistoryId:1001 Received:{wall:0 ext:63833839200 loc:<nil>} Sender:john@example.com Recipient:jane@example.com Subject:Meeting Reminder Msg:Hi Jane, just a reminder about our meeting tomorrow at 10 AM.} matches:[]} {index:0 item:{ID:2 HistoryId:1002 Received:{wall:0 ext:63833736600 loc:<nil>} Sender:jane@example.com Recipient:john@example.com Subject:Re: Meeting Reminder Msg:Thanks for the reminder, John. I'll be there.} matches:[]} {index:0 item:{ID:3 HistoryId:1003 Received:{wall:0 ext:63833674500 loc:<nil>} Sender:boss.company@example.com Recipient:john@example.com Subject:Project Update Msg:Please send me the project update by EOD.} matches:[]} {index:0 item:{ID:4 HistoryId:1004 Received:{wall:0 ext:63833569200 loc:<nil>} Sender:jane@example.com Recipient:boss@example.com Subject:Project Update Response Msg:I've attached the latest project updates as requested.} matches:[]}]"
time=2024-11-07T08:19:21.637+01:00 level=DEBUG source=/Users/thomas/coding/go/gomail/app/utils.go:11 msg="received message" msg_type=cursor.BlinkMsg msg="{id:0 tag:21}"
time=2024-11-07T08:19:21.693+01:00 level=DEBUG source=/Users/thomas/coding/go/gomail/app/utils.go:11 msg="received message" msg_type=tea.KeyMsg msg=u
time=2024-11-07T08:19:21.694+01:00 level=DEBUG source=/Users/thomas/coding/go/gomail/app/utils.go:11 msg="received message" msg_type=cursor.blinkCanceled msg={}
time=2024-11-07T08:19:21.694+01:00 level=DEBUG source=/Users/thomas/coding/go/gomail/app/utils.go:11 msg="received message" msg_type=list.FilterMatchesMsg msg="[{index:2 item:{ID:3 HistoryId:1003 Received:{wall:0 ext:63833674500 loc:<nil>} Sender:boss.company@example.com Recipient:john@example.com Subject:Project Update Msg:Please send me the project update by EOD.} matches:[33]} {index:3 item:{ID:4 HistoryId:1004 Received:{wall:0 ext:63833569200 loc:<nil>} Sender:jane@example.com Recipient:boss@example.com Subject:Project Update Response Msg:I've attached the latest project updates as requested.} matches:[25]}]"
time=2024-11-07T08:19:21.851+01:00 level=DEBUG source=/Users/thomas/coding/go/gomail/app/utils.go:11 msg="received message" msg_type=tea.KeyMsg msg=p
time=2024-11-07T08:19:21.853+01:00 level=DEBUG source=/Users/thomas/coding/go/gomail/app/utils.go:11 msg="received message" msg_type=list.FilterMatchesMsg msg="[{index:2 item:{ID:3 HistoryId:1003 Received:{wall:0 ext:63833674500 loc:<nil>} Sender:boss.company@example.com Recipient:john@example.com Subject:Project Update Msg:Please send me the project update by EOD.} matches:[33 34]} {index:3 item:{ID:4 HistoryId:1004 Received:{wall:0 ext:63833569200 loc:<nil>} Sender:jane@example.com Recipient:boss@example.com Subject:Project Update Response Msg:I've attached the latest project updates as requested.} matches:[25 26]}]"
time=2024-11-07T08:19:21.854+01:00 level=DEBUG source=/Users/thomas/coding/go/gomail/app/utils.go:11 msg="received message" msg_type=cursor.blinkCanceled msg={}
time=2024-11-07T08:19:21.964+01:00 level=DEBUG source=/Users/thomas/coding/go/gomail/app/utils.go:11 msg="received message" msg_type=tea.KeyMsg msg=d
time=2024-11-07T08:19:21.965+01:00 level=DEBUG source=/Users/thomas/coding/go/gomail/app/utils.go:11 msg="received message" msg_type=cursor.blinkCanceled msg={}
time=2024-11-07T08:19:21.965+01:00 level=DEBUG source=/Users/thomas/coding/go/gomail/app/utils.go:11 msg="received message" msg_type=list.FilterMatchesMsg msg="[{index:2 item:{ID:3 HistoryId:1003 Received:{wall:0 ext:63833674500 loc:<nil>} Sender:boss.company@example.com Recipient:john@example.com Subject:Project Update Msg:Please send me the project update by EOD.} matches:[33 34 35]} {index:3 item:{ID:4 HistoryId:1004 Received:{wall:0 ext:63833569200 loc:<nil>} Sender:jane@example.com Recipient:boss@example.com Subject:Project Update Response Msg:I've attached the latest project updates as requested.} matches:[25 26 27]}]"
time=2024-11-07T08:19:22.128+01:00 level=DEBUG source=/Users/thomas/coding/go/gomail/app/utils.go:11 msg="received message" msg_type=tea.KeyMsg msg=a
time=2024-11-07T08:19:22.131+01:00 level=DEBUG source=/Users/thomas/coding/go/gomail/app/utils.go:11 msg="received message" msg_type=cursor.blinkCanceled msg={}
time=2024-11-07T08:19:22.136+01:00 level=DEBUG source=/Users/thomas/coding/go/gomail/app/utils.go:11 msg="received message" msg_type=list.FilterMatchesMsg msg="[{index:2 item:{ID:3 HistoryId:1003 Received:{wall:0 ext:63833674500 loc:<nil>} Sender:boss.company@example.com Recipient:john@example.com Subject:Project Update Msg:Please send me the project update by EOD.} matches:[33 34 35 36]} {index:3 item:{ID:4 HistoryId:1004 Received:{wall:0 ext:63833569200 loc:<nil>} Sender:jane@example.com Recipient:boss@example.com Subject:Project Update Response Msg:I've attached the latest project updates as requested.} matches:[25 26 27 28]}]"
time=2024-11-07T08:19:22.225+01:00 level=DEBUG source=/Users/thomas/coding/go/gomail/app/utils.go:11 msg="received message" msg_type=tea.KeyMsg msg=t
time=2024-11-07T08:19:22.227+01:00 level=DEBUG source=/Users/thomas/coding/go/gomail/app/utils.go:11 msg="received message" msg_type=cursor.blinkCanceled msg={}
time=2024-11-07T08:19:22.228+01:00 level=DEBUG source=/Users/thomas/coding/go/gomail/app/utils.go:11 msg="received message" msg_type=list.FilterMatchesMsg msg="[{index:2 item:{ID:3 HistoryId:1003 Received:{wall:0 ext:63833674500 loc:<nil>} Sender:boss.company@example.com Recipient:john@example.com Subject:Project Update Msg:Please send me the project update by EOD.} matches:[33 34 35 36 37]} {index:3 item:{ID:4 HistoryId:1004 Received:{wall:0 ext:63833569200 loc:<nil>} Sender:jane@example.com Recipient:boss@example.com Subject:Project Update Response Msg:I've attached the latest project updates as requested.} matches:[25 26 27 28 29]}]"
time=2024-11-07T08:19:22.317+01:00 level=DEBUG source=/Users/thomas/coding/go/gomail/app/utils.go:11 msg="received message" msg_type=tea.KeyMsg msg=e
time=2024-11-07T08:19:22.318+01:00 level=DEBUG source=/Users/thomas/coding/go/gomail/app/utils.go:11 msg="received message" msg_type=cursor.blinkCanceled msg={}
time=2024-11-07T08:19:22.318+01:00 level=DEBUG source=/Users/thomas/coding/go/gomail/app/utils.go:11 msg="received message" msg_type=list.FilterMatchesMsg msg="[{index:2 item:{ID:3 HistoryId:1003 Received:{wall:0 ext:63833674500 loc:<nil>} Sender:boss.company@example.com Recipient:john@example.com Subject:Project Update Msg:Please send me the project update by EOD.} matches:[33 34 35 36 37 38]} {index:3 item:{ID:4 HistoryId:1004 Received:{wall:0 ext:63833569200 loc:<nil>} Sender:jane@example.com Recipient:boss@example.com Subject:Project Update Response Msg:I've attached the latest project updates as requested.} matches:[25 26 27 28 29 30]}]"
time=2024-11-07T08:19:22.799+01:00 level=DEBUG source=/Users/thomas/coding/go/gomail/app/utils.go:11 msg="received message" msg_type=tea.KeyMsg msg=" "
time=2024-11-07T08:19:22.800+01:00 level=DEBUG source=/Users/thomas/coding/go/gomail/app/utils.go:11 msg="received message" msg_type=cursor.blinkCanceled msg={}
time=2024-11-07T08:19:22.801+01:00 level=DEBUG source=/Users/thomas/coding/go/gomail/app/utils.go:11 msg="received message" msg_type=list.FilterMatchesMsg msg="[{index:3 item:{ID:4 HistoryId:1004 Received:{wall:0 ext:63833569200 loc:<nil>} Sender:jane@example.com Recipient:boss@example.com Subject:Project Update Response Msg:I've attached the latest project updates as requested.} matches:[25 26 27 28 29 30 31]}]"
time=2024-11-07T08:19:22.936+01:00 level=DEBUG source=/Users/thomas/coding/go/gomail/app/utils.go:11 msg="received message" msg_type=tea.KeyMsg msg=r
time=2024-11-07T08:19:22.937+01:00 level=DEBUG source=/Users/thomas/coding/go/gomail/app/utils.go:11 msg="received message" msg_type=cursor.blinkCanceled msg={}
time=2024-11-07T08:19:22.937+01:00 level=DEBUG source=/Users/thomas/coding/go/gomail/app/utils.go:11 msg="received message" msg_type=list.FilterMatchesMsg msg="[{index:3 item:{ID:4 HistoryId:1004 Received:{wall:0 ext:63833569200 loc:<nil>} Sender:jane@example.com Recipient:boss@example.com Subject:Project Update Response Msg:I've attached the latest project updates as requested.} matches:[25 26 27 28 29 30 31 32]}]"
time=2024-11-07T08:19:23.467+01:00 level=DEBUG source=/Users/thomas/coding/go/gomail/app/utils.go:11 msg="received message" msg_type=cursor.BlinkMsg msg="{id:0 tag:30}"
time=2024-11-07T08:19:23.999+01:00 level=DEBUG source=/Users/thomas/coding/go/gomail/app/utils.go:11 msg="received message" msg_type=cursor.BlinkMsg msg="{id:0 tag:31}"
time=2024-11-07T08:19:24.531+01:00 level=DEBUG source=/Users/thomas/coding/go/gomail/app/utils.go:11 msg="received message" msg_type=cursor.BlinkMsg msg="{id:0 tag:32}"
time=2024-11-07T08:19:25.062+01:00 level=DEBUG source=/Users/thomas/coding/go/gomail/app/utils.go:11 msg="received message" msg_type=cursor.BlinkMsg msg="{id:0 tag:33}"
time=2024-11-07T08:19:25.594+01:00 level=DEBUG source=/Users/thomas/coding/go/gomail/app/utils.go:11 msg="received message" msg_type=cursor.BlinkMsg msg="{id:0 tag:34}"
time=2024-11-07T08:19:26.125+01:00 level=DEBUG source=/Users/thomas/coding/go/gomail/app/utils.go:11 msg="received message" msg_type=cursor.BlinkMsg msg="{id:0 tag:35}"
time=2024-11-07T08:19:26.656+01:00 level=DEBUG source=/Users/thomas/coding/go/gomail/app/utils.go:11 msg="received message" msg_type=cursor.BlinkMsg msg="{id:0 tag:36}"
time=2024-11-07T08:19:27.187+01:00 level=DEBUG source=/Users/thomas/coding/go/gomail/app/utils.go:11 msg="received message" msg_type=cursor.BlinkMsg msg="{id:0 tag:37}"
time=2024-11-07T08:19:27.718+01:00 level=DEBUG source=/Users/thomas/coding/go/gomail/app/utils.go:11 msg="received message" msg_type=cursor.BlinkMsg msg="{id:0 tag:38}"
time=2024-11-07T08:19:28.250+01:00 level=DEBUG source=/Users/thomas/coding/go/gomail/app/utils.go:11 msg="received message" msg_type=cursor.BlinkMsg msg="{id:0 tag:39}"
time=2024-11-07T08:19:28.781+01:00 level=DEBUG source=/Users/thomas/coding/go/gomail/app/utils.go:11 msg="received message" msg_type=cursor.BlinkMsg msg="{id:0 tag:40}"
time=2024-11-07T08:19:29.312+01:00 level=DEBUG source=/Users/thomas/coding/go/gomail/app/utils.go:11 msg="received message" msg_type=cursor.BlinkMsg msg="{id:0 tag:41}"
time=2024-11-07T08:19:29.843+01:00 level=DEBUG source=/Users/thomas/coding/go/gomail/app/utils.go:11 msg="received message" msg_type=cursor.BlinkMsg msg="{id:0 tag:42}"
time=2024-11-07T08:19:30.374+01:00 level=DEBUG source=/Users/thomas/coding/go/gomail/app/utils.go:11 msg="received message" msg_type=cursor.BlinkMsg msg="{id:0 tag:43}"
time=2024-11-07T08:19:30.908+01:00 level=DEBUG source=/Users/thomas/coding/go/gomail/app/utils.go:11 msg="received message" msg_type=cursor.BlinkMsg msg="{id:0 tag:44}"
time=2024-11-07T08:19:31.438+01:00 level=DEBUG source=/Users/thomas/coding/go/gomail/app/utils.go:11 msg="received message" msg_type=cursor.BlinkMsg msg="{id:0 tag:45}"
time=2024-11-07T08:19:31.824+01:00 level=DEBUG source=/Users/thomas/coding/go/gomail/app/utils.go:11 msg="received message" msg_type=tea.KeyMsg msg=esc
time=2024-11-07T08:19:31.970+01:00 level=DEBUG source=/Users/thomas/coding/go/gomail/app/utils.go:11 msg="received message" msg_type=cursor.BlinkMsg msg="{id:0 tag:46}"
time=2024-11-07T08:19:32.892+01:00 level=DEBUG source=/Users/thomas/coding/go/gomail/app/utils.go:11 msg="received message" msg_type=tea.KeyMsg msg=j
time=2024-11-07T08:19:33.092+01:00 level=DEBUG source=/Users/thomas/coding/go/gomail/app/utils.go:11 msg="received message" msg_type=tea.KeyMsg msg=j
time=2024-11-07T08:19:34.372+01:00 level=DEBUG source=/Users/thomas/coding/go/gomail/app/utils.go:11 msg="received message" msg_type=tea.KeyMsg msg=q
